
[2025-07-17T07:31:58.721Z] Error [ERR_HTTP_HEADERS_SENT]: Cannot set headers after they are sent to the client
    at ServerResponse.setHeader (node:_http_outgoing:642:11)
    at ServerResponse.header (C:\Users\helio\Desktop\express\backend\node_modules\express\lib\response.js:684:10)
    at ServerResponse.send (C:\Users\helio\Desktop\express\backend\node_modules\express\lib\response.js:161:12)
    at ServerResponse.json (C:\Users\helio\Desktop\express\backend\node_modules\express\lib\response.js:250:15)
    at postResend (C:\Users\helio\Desktop\express\backend\src\controllers\ResendController.js:38:28)
    at process.processTicksAndRejections (node:internal/process/task_queues:105:5)

[2025-07-17T07:43:39.800Z] SyntaxError: Expected ',' or '}' after property value in JSON at position 33 (line 3 column 3)
    at JSON.parse (<anonymous>)
    at parse (C:\Users\helio\Desktop\express\backend\node_modules\body-parser\lib\types\json.js:77:19)
    at C:\Users\helio\Desktop\express\backend\node_modules\body-parser\lib\read.js:123:18
    at AsyncResource.runInAsyncScope (node:async_hooks:214:14)
    at invokeCallback (C:\Users\helio\Desktop\express\backend\node_modules\raw-body\index.js:238:16)
    at done (C:\Users\helio\Desktop\express\backend\node_modules\raw-body\index.js:227:7)
    at IncomingMessage.onEnd (C:\Users\helio\Desktop\express\backend\node_modules\raw-body\index.js:287:7)
    at IncomingMessage.emit (node:events:507:28)
    at endReadableNT (node:internal/streams/readable:1701:12)
    at process.processTicksAndRejections (node:internal/process/task_queues:90:21)

[2025-07-17T07:45:42.827Z] TypeError: user.save is not a function
    at postResend (C:\Users\helio\Desktop\express\backend\src\controllers\ResendController.js:34:16)
    at process.processTicksAndRejections (node:internal/process/task_queues:105:5)

[2025-07-17T07:46:13.043Z] TypeError: user.save is not a function
    at postResend (C:\Users\helio\Desktop\express\backend\src\controllers\ResendController.js:34:16)
    at process.processTicksAndRejections (node:internal/process/task_queues:105:5)

